<?xml version="1.0" encoding="UTF-8"?>
<!-- Generated by org.testng.reporters.JUnitXMLReporter -->
<testsuite hostname="DESKTOP-8FKLJ50" ignored="0" name="LoginTest" tests="1" failures="1" timestamp="22 Jun 2020 07:29:22 GMT" time="17.011" errors="0">
  <testcase name="TC_001_Validate_Login_Page" time="14.818" classname="com.framework.testcases.TC_001_Validate_Login_Page">
    <failure type="java.lang.AssertionError" message="expected [Jakay N] but found [Jakay M]">
      <![CDATA[java.lang.AssertionError: expected [Jakay N] but found [Jakay M]
	at com.framework.frameworkutils.Keywords.verifyText(Keywords.java:118)
	at com.framework.frameworkutils.Keywords.executeKeywords(Keywords.java:62)
	at com.framework.testcases.TC_001_Validate_Login_Page.TC_001_Validate_Login_Page(TC_001_Validate_Login_Page.java:26)
... Removed 34 stack frames]]>
    </failure>
  </testcase> <!-- TC_001_Validate_Login_Page -->
</testsuite> <!-- LoginTest -->
